+++++++++++++++++++++++++++++++++++++++++++++++++++++++++++++++++++++++++++++++ 
+         __  __ _______       _  __     _    _       _____                   + 
+        |  \/  |__   __|     | |/ /    | |  | |     |  __ \                  + 
+        | \  / |  | |  ____  | ' / __ _| |__| |_   _| |__) |_ _ _ __         + 
+        | |\/| |  | | |____| |  < / _` |  __  | | | |  ___/ _` | '__|        + 
+        | |  | |  | |        | . \ (_| | |  | | |_| | |  | (_| | |           + 
+        |_|  |_|  |_|        |_|\_\__,_|_|  |_|\__, |_|   \__,_|_|           + 
+                                                __/ |                        + 
+                                               |___/                         + 
+          Karlsruhe Shared Memory Hypergraph Partitioning Framework          + 
+++++++++++++++++++++++++++++++++++++++++++++++++++++++++++++++++++++++++++++++ 
*******************************************************************************
*                            Partitioning Context                             *
*******************************************************************************
Partitioning Parameters:
  Hypergraph:                         /home/caesar/ccode/netlist_split/classic_results/mt_kahypar/demo_top.hgr
  Input File Format:                  hMetis (-> hypergraph)
  Partition File:                     /home/caesar/ccode/netlist_split/classic_results/mt_kahypar/demo_top.hgr.part4.epsilon0.03.seed7.KaHyPar
  Preset:                             default
  k:                                  4
  epsilon:                            0.03
  Objective:                          km1
  seed:                               7
  Number of V-Cycles:                 0
  Ignore HE Size Threshold:           1000
  Large HE Size Threshold:            50000
-------------------------------------------------------------------------------
Preprocessing Parameters:
  Use Community Detection:            true
  Disable C. D. for Mesh Graphs:      true

  Community Detection Parameters:
    Edge Weight Function:                uniform
    Maximum Louvain-Pass Iterations:     5
    Minimum Vertex Move Fraction:        0.01
    Vertex Degree Sampling Threshold:    200000
-------------------------------------------------------------------------------
Coarsening Parameters:
  Algorithm:                          multilevel_coarsener
  Use Adaptive Edge Size:             true
  Max Allowed Weight Multiplier:      1
  Contraction Limit Multiplier:       160
  Contraction Limit:                  640
  Minimum Shrink Factor:              1.01
  Maximum Shrink Factor:              2.5
  Vertex Degree Sampling Threshold:   200000
-------------------------------------------------------------------------------
Initial Partitioning Parameters:
  Initial Partitioning Mode:          recursive_bipartitioning
  Number of Runs:                     20
  Use Adaptive IP Runs:               true
  Min Adaptive IP Runs:               5
  Perform Refinement On Best:         true
  FM Refinement Rounds:               1
-------------------------------------------------------------------------------
Refinement Parameters:
  Refine Until No Improvement:        false

  Label Propagation Parameters:
    Algorithm:                        label_propagation
    Maximum Iterations:               5
    Unconstrained:                    true
    Rebalancing:                      false
    HE Size Activation Threshold:     100
    Relative Improvement Threshold:   0.001

  Jet Parameters:                     disabled

  FM Parameters: 
    Algorithm:                        unconstrained_fm
    Multitry Rounds:                  10
    Rollback Bal. Violation Factor:   1
    Num Seed Nodes:                   25
    Minimum Improvement Factor:       -1
    Unconstrained Rounds:             8
    Threshold Border Node Inclusion:  0.7
    Minimum Imbalance Penalty Factor: 0.2
    Maximum Imbalance Penalty Factor: 1
    Unc. Minimum Improvement Factor:  0.002

  Flow Parameters:                    disabled

  Rebalancing Parameters:
    Algorithm:                        advanced_rebalancer
-------------------------------------------------------------------------------
Shared Memory Parameters:             
  Number of Threads:                  2
  Use Localized Random Shuffle:       false
------------------------------------------------------------------------------- 

******************************************************************************** 
*                                    Input                                     * 
******************************************************************************** 
Hypergraph Information 
Name : demo_top.hgr 
# HNs: 14  # HEs: 13  # pins: 33  # graph edges: 7 
HE size             HE weight           HN degree           HN weight 
| min= 2            | min= 1            | min= 1            | min= 1           
| Q1 = 2            | Q1 = 1            | Q1 = 2            | Q1 = 1           
| med= 2            | med= 1            | med= 2            | med= 1           
| Q3 = 3            | Q3 = 1            | Q3 = 3            | Q3 = 1           
| max= 4            | max= 1            | max= 3            | max= 1           
| avg= 2.53846      | avg= 1            | avg= 2.35714      | avg= 1           
| sd = 0.660225     | sd = 0            | sd = 0.744946     | sd = 0           

******************************************************************************** 
*                              Preprocessing...                                * 
******************************************************************************** 
# Communities: 5 
 
******************************************************************************** 
*                                Coarsening...                                 * 
******************************************************************************** 
Hypergraph Information 
Name : Coarsened Hypergraph 
# HNs: 14  # HEs: 13  # pins: 33  # graph edges: 7 
HE size             HE weight           HN degree           HN weight 
| min= 2            | min= 1            | min= 1            | min= 1           
| Q1 = 2            | Q1 = 1            | Q1 = 2            | Q1 = 1           
| med= 2            | med= 1            | med= 2            | med= 1           
| Q3 = 3            | Q3 = 1            | Q3 = 3            | Q3 = 1           
| max= 4            | max= 1            | max= 3            | max= 1           
| avg= 2.53846      | avg= 1            | avg= 2.35714      | avg= 1           
| sd = 0.660225     | sd = 0            | sd = 0.744946     | sd = 0           

******************************************************************************** 
*                           Initial Partitioning...                            * 
******************************************************************************** 
Initial Partitioning Results: 
km1       = 8 
imbalance = 0 

******************************************************************************** 
*                               Local Search...                                * 
******************************************************************************** 
Local Search Results: 
km1       = 8 
imbalance = 0 

******************************************************************************** 
*                             Partitioning Result                              * 
******************************************************************************** 
Objectives: 
  km1                  = 8 (primary objective function) 
  cut                  = 8  
  soed                 = 16  
  Imbalance            = 0  
  Partitioning Time    = 0.006001 s  

Partition sizes and weights:  
|block 0| = 3  w( 0 ) = 3  max( 0 ) = 4
|block 1| = 4  w( 1 ) = 4  max( 1 ) = 4
|block 2| = 4  w( 2 ) = 4  max( 2 ) = 4
|block 3| = 3  w( 3 ) = 3  max( 3 ) = 4
 
