OpenROAD v2.0-17198-g8396d0866 
Features included (+) or not (-): +Charts +GPU +GUI +Python : None
This program is licensed under the BSD-3 license. See the LICENSE file for details.
Components of this program may be licensed under more restrictive licenses which must be honored.
[INFO PAR-0002] Partitioning hypergraph.
Partitioning Parameters
	Number of partitions = 4
	UBfactor = 2.0
	Seed = 7
	Vertex dimensions = 1
	Hyperedge dimensions = 1
	Placement dimensions = 0
	Global net threshold = 1000
[INFO PAR-0038] Display Used Files
	Hypergraph file: classic_results/openroad_tritonpart/demo_top.hgr
	Solution file: classic_results/openroad_tritonpart/demo_top.hgr.part.4
[WARNING PAR-0003] Timing-driven mode is not supported! Disabling timing aware.
[INFO PAR-0017] Read hypergraph has 14 vertices and 13 hyperedges.
[INFO PAR-0007] Evaluating hypergraph partitioning solution.
General Parameters
	Number of partitions = 4
	UBfactor = 2.0
	Seed = 0
	Vertex dimensions = 1
	Hyperedge dimensions = 1
	Placement dimensions = 0
[INFO PAR-0038] Display Used Files
	Hypergraph file: classic_results/openroad_tritonpart/demo_top.hgr
	Solution file: classic_results/openroad_tritonpart/demo_top.hgr.part.4
[WARNING PAR-0009] Timing-driven mode is not supported! Disabling timing aware.
[INFO PAR-0017] Read hypergraph has 14 vertices and 13 hyperedges.
